     1 00000000                                 [FORMAT "WCOFF"]
     2 00000000                                 [INSTRSET "i486p"]
     3 00000000                                 [OPTIMIZE 1]
     4 00000000                                 [OPTION 1]
     5 00000000                                 [BITS 32]
     6 00000000                                 	EXTERN	_sprintf
     7 00000000                                 	EXTERN	_io_hlt
     8 00000000                                 	EXTERN	_io_load_eflags
     9 00000000                                 	EXTERN	_io_cli
    10 00000000                                 	EXTERN	_io_out8
    11 00000000                                 	EXTERN	_io_store_eflags
    12 00000000                                 	EXTERN	_hankaku
    13 00000000                                 	EXTERN	_load_gdtr
    14 00000000                                 	EXTERN	_load_idtr
    15 00000000                                 [FILE "bootpack.c"]
    16                                          [SECTION .data]
    17 00000000                                 LC0:
    18 00000000 41 42 43 20 31 32 33 00         	DB	"ABC 123",0x00
    19 00000008                                 LC1:
    20 00000008 48 61 72 69 62 6F 74 65 20 4F   	DB	"Haribote OS.",0x00
       00000012 53 2E 00 
    21 00000015                                 LC2:
    22 00000015 73 63 72 6E 78 20 3D 20 25 64   	DB	"scrnx = %d",0x00
       0000001F 00 
    23                                          [SECTION .text]
    24 00000000                                 	GLOBAL	_HariMain
    25 00000000                                 _HariMain:
    26 00000000 55                              	PUSH	EBP
    27 00000001 89 E5                           	MOV	EBP,ESP
    28 00000003 57                              	PUSH	EDI
    29 00000004 56                              	PUSH	ESI
    30 00000005 53                              	PUSH	EBX
    31 00000006 8D 9D FFFFFEC4                  	LEA	EBX,DWORD [-316+EBP]
    32 0000000C 81 EC 00000130                  	SUB	ESP,304
    33 00000012 E8 00000103                     	CALL	_init_palette
    34 00000017 0F BF 05 00000FF6               	MOVSX	EAX,WORD [4086]
    35 0000001E 50                              	PUSH	EAX
    36 0000001F 0F BF 05 00000FF4               	MOVSX	EAX,WORD [4084]
    37 00000026 50                              	PUSH	EAX
    38 00000027 FF 35 00000FF8                  	PUSH	DWORD [4088]
    39 0000002D E8 000001D4                     	CALL	_init_screen
    40 00000032 B9 00000002                     	MOV	ECX,2
    41 00000037 0F BF 05 00000FF4               	MOVSX	EAX,WORD [4084]
    42 0000003E 8D 50 F0                        	LEA	EDX,DWORD [-16+EAX]
    43 00000041 89 D0                           	MOV	EAX,EDX
    44 00000043 99                              	CDQ
    45 00000044 F7 F9                           	IDIV	ECX
    46 00000046 0F BF 15 00000FF6               	MOVSX	EDX,WORD [4086]
    47 0000004D 83 EA 2C                        	SUB	EDX,44
    48 00000050 89 C7                           	MOV	EDI,EAX
    49 00000052 89 D0                           	MOV	EAX,EDX
    50 00000054 6A 0E                           	PUSH	14
    51 00000056 99                              	CDQ
    52 00000057 F7 F9                           	IDIV	ECX
    53 00000059 53                              	PUSH	EBX
    54 0000005A 89 C6                           	MOV	ESI,EAX
    55 0000005C E8 00000405                     	CALL	_init_mouse_cursor8
    56 00000061 6A 10                           	PUSH	16
    57 00000063 53                              	PUSH	EBX
    58 00000064 8D 5D C4                        	LEA	EBX,DWORD [-60+EBP]
    59 00000067 56                              	PUSH	ESI
    60 00000068 57                              	PUSH	EDI
    61 00000069 6A 10                           	PUSH	16
    62 0000006B 6A 10                           	PUSH	16
    63 0000006D 0F BF 05 00000FF4               	MOVSX	EAX,WORD [4084]
    64 00000074 50                              	PUSH	EAX
    65 00000075 FF 35 00000FF8                  	PUSH	DWORD [4088]
    66 0000007B E8 00000443                     	CALL	_putblock8_8
    67 00000080 83 C4 34                        	ADD	ESP,52
    68 00000083 68 [00000000]                   	PUSH	LC0
    69 00000088 6A 07                           	PUSH	7
    70 0000008A 6A 08                           	PUSH	8
    71 0000008C 6A 08                           	PUSH	8
    72 0000008E 0F BF 05 00000FF4               	MOVSX	EAX,WORD [4084]
    73 00000095 50                              	PUSH	EAX
    74 00000096 FF 35 00000FF8                  	PUSH	DWORD [4088]
    75 0000009C E8 00000376                     	CALL	_putfonts8_asc
    76 000000A1 68 [00000008]                   	PUSH	LC1
    77 000000A6 6A 00                           	PUSH	0
    78 000000A8 6A 1F                           	PUSH	31
    79 000000AA 6A 1F                           	PUSH	31
    80 000000AC 0F BF 05 00000FF4               	MOVSX	EAX,WORD [4084]
    81 000000B3 50                              	PUSH	EAX
    82 000000B4 FF 35 00000FF8                  	PUSH	DWORD [4088]
    83 000000BA E8 00000358                     	CALL	_putfonts8_asc
    84 000000BF 83 C4 30                        	ADD	ESP,48
    85 000000C2 68 [00000008]                   	PUSH	LC1
    86 000000C7 6A 07                           	PUSH	7
    87 000000C9 6A 1E                           	PUSH	30
    88 000000CB 6A 1E                           	PUSH	30
    89 000000CD 0F BF 05 00000FF4               	MOVSX	EAX,WORD [4084]
    90 000000D4 50                              	PUSH	EAX
    91 000000D5 FF 35 00000FF8                  	PUSH	DWORD [4088]
    92 000000DB E8 00000337                     	CALL	_putfonts8_asc
    93 000000E0 0F BF 05 00000FF4               	MOVSX	EAX,WORD [4084]
    94 000000E7 50                              	PUSH	EAX
    95 000000E8 68 [00000015]                   	PUSH	LC2
    96 000000ED 53                              	PUSH	EBX
    97 000000EE E8 [00000000]                   	CALL	_sprintf
    98 000000F3 83 C4 24                        	ADD	ESP,36
    99 000000F6 53                              	PUSH	EBX
   100 000000F7 6A 07                           	PUSH	7
   101 000000F9 6A 40                           	PUSH	64
   102 000000FB 6A 10                           	PUSH	16
   103 000000FD 0F BF 05 00000FF4               	MOVSX	EAX,WORD [4084]
   104 00000104 50                              	PUSH	EAX
   105 00000105 FF 35 00000FF8                  	PUSH	DWORD [4088]
   106 0000010B E8 00000307                     	CALL	_putfonts8_asc
   107 00000110 83 C4 18                        	ADD	ESP,24
   108 00000113                                 L2:
   109 00000113 E8 [00000000]                   	CALL	_io_hlt
   110 00000118 EB F9                           	JMP	L2
   111                                          [SECTION .data]
   112 00000020                                 _table_rgb.0:
   113 00000020 00                              	DB	0
   114 00000021 00                              	DB	0
   115 00000022 00                              	DB	0
   116 00000023 FF                              	DB	-1
   117 00000024 00                              	DB	0
   118 00000025 00                              	DB	0
   119 00000026 00                              	DB	0
   120 00000027 FF                              	DB	-1
   121 00000028 00                              	DB	0
   122 00000029 FF                              	DB	-1
   123 0000002A FF                              	DB	-1
   124 0000002B 00                              	DB	0
   125 0000002C 00                              	DB	0
   126 0000002D 00                              	DB	0
   127 0000002E FF                              	DB	-1
   128 0000002F FF                              	DB	-1
   129 00000030 00                              	DB	0
   130 00000031 FF                              	DB	-1
   131 00000032 00                              	DB	0
   132 00000033 FF                              	DB	-1
   133 00000034 FF                              	DB	-1
   134 00000035 FF                              	DB	-1
   135 00000036 FF                              	DB	-1
   136 00000037 FF                              	DB	-1
   137 00000038 C6                              	DB	-58
   138 00000039 C6                              	DB	-58
   139 0000003A C6                              	DB	-58
   140 0000003B 84                              	DB	-124
   141 0000003C 00                              	DB	0
   142 0000003D 00                              	DB	0
   143 0000003E 00                              	DB	0
   144 0000003F 84                              	DB	-124
   145 00000040 00                              	DB	0
   146 00000041 84                              	DB	-124
   147 00000042 84                              	DB	-124
   148 00000043 00                              	DB	0
   149 00000044 00                              	DB	0
   150 00000045 00                              	DB	0
   151 00000046 84                              	DB	-124
   152 00000047 84                              	DB	-124
   153 00000048 00                              	DB	0
   154 00000049 84                              	DB	-124
   155 0000004A 00                              	DB	0
   156 0000004B 84                              	DB	-124
   157 0000004C 84                              	DB	-124
   158 0000004D 84                              	DB	-124
   159 0000004E 84                              	DB	-124
   160 0000004F 84                              	DB	-124
   161                                          [SECTION .text]
   162 0000011A                                 	GLOBAL	_init_palette
   163 0000011A                                 _init_palette:
   164 0000011A 55                              	PUSH	EBP
   165 0000011B 89 E5                           	MOV	EBP,ESP
   166 0000011D 68 [00000020]                   	PUSH	_table_rgb.0
   167 00000122 6A 0F                           	PUSH	15
   168 00000124 6A 00                           	PUSH	0
   169 00000126 E8 00000002                     	CALL	_set_palette
   170 0000012B C9                              	LEAVE
   171 0000012C C3                              	RET
   172 0000012D                                 	GLOBAL	_set_palette
   173 0000012D                                 _set_palette:
   174 0000012D 55                              	PUSH	EBP
   175 0000012E 89 E5                           	MOV	EBP,ESP
   176 00000130 57                              	PUSH	EDI
   177 00000131 56                              	PUSH	ESI
   178 00000132 53                              	PUSH	EBX
   179 00000133 51                              	PUSH	ECX
   180 00000134 8B 5D 08                        	MOV	EBX,DWORD [8+EBP]
   181 00000137 8B 7D 0C                        	MOV	EDI,DWORD [12+EBP]
   182 0000013A 8B 75 10                        	MOV	ESI,DWORD [16+EBP]
   183 0000013D E8 [00000000]                   	CALL	_io_load_eflags
   184 00000142 89 45 F0                        	MOV	DWORD [-16+EBP],EAX
   185 00000145 E8 [00000000]                   	CALL	_io_cli
   186 0000014A 53                              	PUSH	EBX
   187 0000014B 68 000003C8                     	PUSH	968
   188 00000150 E8 [00000000]                   	CALL	_io_out8
   189 00000155 39 FB                           	CMP	EBX,EDI
   190 00000157 58                              	POP	EAX
   191 00000158 5A                              	POP	EDX
   192 00000159 7E 12                           	JLE	L11
   193 0000015B                                 L13:
   194 0000015B 8B 45 F0                        	MOV	EAX,DWORD [-16+EBP]
   195 0000015E 89 45 08                        	MOV	DWORD [8+EBP],EAX
   196 00000161 8D 65 F4                        	LEA	ESP,DWORD [-12+EBP]
   197 00000164 5B                              	POP	EBX
   198 00000165 5E                              	POP	ESI
   199 00000166 5F                              	POP	EDI
   200 00000167 5D                              	POP	EBP
   201 00000168 E9 [00000000]                   	JMP	_io_store_eflags
   202 0000016D                                 L11:
   203 0000016D 8A 06                           	MOV	AL,BYTE [ESI]
   204 0000016F 43                              	INC	EBX
   205 00000170 C0 E8 02                        	SHR	AL,2
   206 00000173 0F B6 C0                        	MOVZX	EAX,AL
   207 00000176 50                              	PUSH	EAX
   208 00000177 68 000003C9                     	PUSH	969
   209 0000017C E8 [00000000]                   	CALL	_io_out8
   210 00000181 8A 46 01                        	MOV	AL,BYTE [1+ESI]
   211 00000184 C0 E8 02                        	SHR	AL,2
   212 00000187 0F B6 C0                        	MOVZX	EAX,AL
   213 0000018A 50                              	PUSH	EAX
   214 0000018B 68 000003C9                     	PUSH	969
   215 00000190 E8 [00000000]                   	CALL	_io_out8
   216 00000195 8A 46 02                        	MOV	AL,BYTE [2+ESI]
   217 00000198 C0 E8 02                        	SHR	AL,2
   218 0000019B 83 C6 03                        	ADD	ESI,3
   219 0000019E 0F B6 C0                        	MOVZX	EAX,AL
   220 000001A1 50                              	PUSH	EAX
   221 000001A2 68 000003C9                     	PUSH	969
   222 000001A7 E8 [00000000]                   	CALL	_io_out8
   223 000001AC 83 C4 18                        	ADD	ESP,24
   224 000001AF 39 FB                           	CMP	EBX,EDI
   225 000001B1 7E BA                           	JLE	L11
   226 000001B3 EB A6                           	JMP	L13
   227 000001B5                                 	GLOBAL	_boxfill8
   228 000001B5                                 _boxfill8:
   229 000001B5 55                              	PUSH	EBP
   230 000001B6 89 E5                           	MOV	EBP,ESP
   231 000001B8 57                              	PUSH	EDI
   232 000001B9 56                              	PUSH	ESI
   233 000001BA 53                              	PUSH	EBX
   234 000001BB 57                              	PUSH	EDI
   235 000001BC 57                              	PUSH	EDI
   236 000001BD 8A 45 10                        	MOV	AL,BYTE [16+EBP]
   237 000001C0 8B 4D 18                        	MOV	ECX,DWORD [24+EBP]
   238 000001C3 8B 7D 1C                        	MOV	EDI,DWORD [28+EBP]
   239 000001C6 88 45 F3                        	MOV	BYTE [-13+EBP],AL
   240 000001C9 3B 4D 20                        	CMP	ECX,DWORD [32+EBP]
   241 000001CC 7F 31                           	JG	L26
   242 000001CE 8B 5D 0C                        	MOV	EBX,DWORD [12+EBP]
   243 000001D1 0F AF D9                        	IMUL	EBX,ECX
   244 000001D4                                 L24:
   245 000001D4 8B 55 14                        	MOV	EDX,DWORD [20+EBP]
   246 000001D7 39 FA                           	CMP	EDX,EDI
   247 000001D9 7F 1B                           	JG	L28
   248 000001DB 8B 75 08                        	MOV	ESI,DWORD [8+EBP]
   249 000001DE 01 DE                           	ADD	ESI,EBX
   250 000001E0 01 D6                           	ADD	ESI,EDX
   251 000001E2 89 75 EC                        	MOV	DWORD [-20+EBP],ESI
   252 000001E5                                 L23:
   253 000001E5 8B 75 EC                        	MOV	ESI,DWORD [-20+EBP]
   254 000001E8 8A 45 F3                        	MOV	AL,BYTE [-13+EBP]
   255 000001EB 42                              	INC	EDX
   256 000001EC 88 06                           	MOV	BYTE [ESI],AL
   257 000001EE 46                              	INC	ESI
   258 000001EF 89 75 EC                        	MOV	DWORD [-20+EBP],ESI
   259 000001F2 39 FA                           	CMP	EDX,EDI
   260 000001F4 7E EF                           	JLE	L23
   261 000001F6                                 L28:
   262 000001F6 41                              	INC	ECX
   263 000001F7 03 5D 0C                        	ADD	EBX,DWORD [12+EBP]
   264 000001FA 3B 4D 20                        	CMP	ECX,DWORD [32+EBP]
   265 000001FD 7E D5                           	JLE	L24
   266 000001FF                                 L26:
   267 000001FF 5B                              	POP	EBX
   268 00000200 5E                              	POP	ESI
   269 00000201 5B                              	POP	EBX
   270 00000202 5E                              	POP	ESI
   271 00000203 5F                              	POP	EDI
   272 00000204 5D                              	POP	EBP
   273 00000205 C3                              	RET
   274 00000206                                 	GLOBAL	_init_screen
   275 00000206                                 _init_screen:
   276 00000206 55                              	PUSH	EBP
   277 00000207 89 E5                           	MOV	EBP,ESP
   278 00000209 57                              	PUSH	EDI
   279 0000020A 56                              	PUSH	ESI
   280 0000020B 53                              	PUSH	EBX
   281 0000020C 83 EC 0C                        	SUB	ESP,12
   282 0000020F 8B 45 10                        	MOV	EAX,DWORD [16+EBP]
   283 00000212 8B 7D 0C                        	MOV	EDI,DWORD [12+EBP]
   284 00000215 83 E8 1D                        	SUB	EAX,29
   285 00000218 4F                              	DEC	EDI
   286 00000219 50                              	PUSH	EAX
   287 0000021A 57                              	PUSH	EDI
   288 0000021B 6A 00                           	PUSH	0
   289 0000021D 6A 00                           	PUSH	0
   290 0000021F 6A 0E                           	PUSH	14
   291 00000221 FF 75 0C                        	PUSH	DWORD [12+EBP]
   292 00000224 FF 75 08                        	PUSH	DWORD [8+EBP]
   293 00000227 E8 FFFFFF89                     	CALL	_boxfill8
   294 0000022C 8B 45 10                        	MOV	EAX,DWORD [16+EBP]
   295 0000022F 83 E8 1C                        	SUB	EAX,28
   296 00000232 50                              	PUSH	EAX
   297 00000233 57                              	PUSH	EDI
   298 00000234 50                              	PUSH	EAX
   299 00000235 6A 00                           	PUSH	0
   300 00000237 6A 08                           	PUSH	8
   301 00000239 FF 75 0C                        	PUSH	DWORD [12+EBP]
   302 0000023C FF 75 08                        	PUSH	DWORD [8+EBP]
   303 0000023F E8 FFFFFF71                     	CALL	_boxfill8
   304 00000244 8B 45 10                        	MOV	EAX,DWORD [16+EBP]
   305 00000247 83 C4 38                        	ADD	ESP,56
   306 0000024A 83 E8 1B                        	SUB	EAX,27
   307 0000024D 50                              	PUSH	EAX
   308 0000024E 57                              	PUSH	EDI
   309 0000024F 50                              	PUSH	EAX
   310 00000250 6A 00                           	PUSH	0
   311 00000252 6A 07                           	PUSH	7
   312 00000254 FF 75 0C                        	PUSH	DWORD [12+EBP]
   313 00000257 FF 75 08                        	PUSH	DWORD [8+EBP]
   314 0000025A E8 FFFFFF56                     	CALL	_boxfill8
   315 0000025F 8B 45 10                        	MOV	EAX,DWORD [16+EBP]
   316 00000262 48                              	DEC	EAX
   317 00000263 50                              	PUSH	EAX
   318 00000264 8B 45 10                        	MOV	EAX,DWORD [16+EBP]
   319 00000267 57                              	PUSH	EDI
   320 00000268 83 E8 1A                        	SUB	EAX,26
   321 0000026B 50                              	PUSH	EAX
   322 0000026C 6A 00                           	PUSH	0
   323 0000026E 6A 08                           	PUSH	8
   324 00000270 FF 75 0C                        	PUSH	DWORD [12+EBP]
   325 00000273 FF 75 08                        	PUSH	DWORD [8+EBP]
   326 00000276 E8 FFFFFF3A                     	CALL	_boxfill8
   327 0000027B 8B 75 10                        	MOV	ESI,DWORD [16+EBP]
   328 0000027E 83 C4 38                        	ADD	ESP,56
   329 00000281 83 EE 18                        	SUB	ESI,24
   330 00000284 56                              	PUSH	ESI
   331 00000285 6A 3B                           	PUSH	59
   332 00000287 56                              	PUSH	ESI
   333 00000288 6A 03                           	PUSH	3
   334 0000028A 6A 07                           	PUSH	7
   335 0000028C FF 75 0C                        	PUSH	DWORD [12+EBP]
   336 0000028F FF 75 08                        	PUSH	DWORD [8+EBP]
   337 00000292 E8 FFFFFF1E                     	CALL	_boxfill8
   338 00000297 8B 45 10                        	MOV	EAX,DWORD [16+EBP]
   339 0000029A 83 E8 04                        	SUB	EAX,4
   340 0000029D 50                              	PUSH	EAX
   341 0000029E 89 45 F0                        	MOV	DWORD [-16+EBP],EAX
   342 000002A1 6A 02                           	PUSH	2
   343 000002A3 56                              	PUSH	ESI
   344 000002A4 6A 02                           	PUSH	2
   345 000002A6 6A 07                           	PUSH	7
   346 000002A8 FF 75 0C                        	PUSH	DWORD [12+EBP]
   347 000002AB FF 75 08                        	PUSH	DWORD [8+EBP]
   348 000002AE E8 FFFFFF02                     	CALL	_boxfill8
   349 000002B3 83 C4 38                        	ADD	ESP,56
   350 000002B6 FF 75 F0                        	PUSH	DWORD [-16+EBP]
   351 000002B9 6A 3B                           	PUSH	59
   352 000002BB FF 75 F0                        	PUSH	DWORD [-16+EBP]
   353 000002BE 6A 03                           	PUSH	3
   354 000002C0 6A 0F                           	PUSH	15
   355 000002C2 FF 75 0C                        	PUSH	DWORD [12+EBP]
   356 000002C5 FF 75 08                        	PUSH	DWORD [8+EBP]
   357 000002C8 E8 FFFFFEE8                     	CALL	_boxfill8
   358 000002CD 8B 45 10                        	MOV	EAX,DWORD [16+EBP]
   359 000002D0 83 E8 05                        	SUB	EAX,5
   360 000002D3 50                              	PUSH	EAX
   361 000002D4 8B 45 10                        	MOV	EAX,DWORD [16+EBP]
   362 000002D7 6A 3B                           	PUSH	59
   363 000002D9 83 E8 17                        	SUB	EAX,23
   364 000002DC 50                              	PUSH	EAX
   365 000002DD 89 45 EC                        	MOV	DWORD [-20+EBP],EAX
   366 000002E0 6A 3B                           	PUSH	59
   367 000002E2 6A 0F                           	PUSH	15
   368 000002E4 FF 75 0C                        	PUSH	DWORD [12+EBP]
   369 000002E7 FF 75 08                        	PUSH	DWORD [8+EBP]
   370 000002EA E8 FFFFFEC6                     	CALL	_boxfill8
   371 000002EF 8B 45 10                        	MOV	EAX,DWORD [16+EBP]
   372 000002F2 83 C4 38                        	ADD	ESP,56
   373 000002F5 83 E8 03                        	SUB	EAX,3
   374 000002F8 89 45 E8                        	MOV	DWORD [-24+EBP],EAX
   375 000002FB 50                              	PUSH	EAX
   376 000002FC 6A 3B                           	PUSH	59
   377 000002FE 50                              	PUSH	EAX
   378 000002FF 6A 02                           	PUSH	2
   379 00000301 6A 00                           	PUSH	0
   380 00000303 FF 75 0C                        	PUSH	DWORD [12+EBP]
   381 00000306 FF 75 08                        	PUSH	DWORD [8+EBP]
   382 00000309 E8 FFFFFEA7                     	CALL	_boxfill8
   383 0000030E FF 75 E8                        	PUSH	DWORD [-24+EBP]
   384 00000311 6A 3C                           	PUSH	60
   385 00000313 56                              	PUSH	ESI
   386 00000314 6A 3C                           	PUSH	60
   387 00000316 6A 00                           	PUSH	0
   388 00000318 FF 75 0C                        	PUSH	DWORD [12+EBP]
   389 0000031B FF 75 08                        	PUSH	DWORD [8+EBP]
   390 0000031E E8 FFFFFE92                     	CALL	_boxfill8
   391 00000323 8B 7D 0C                        	MOV	EDI,DWORD [12+EBP]
   392 00000326 83 C4 38                        	ADD	ESP,56
   393 00000329 8B 5D 0C                        	MOV	EBX,DWORD [12+EBP]
   394 0000032C 83 EB 04                        	SUB	EBX,4
   395 0000032F 83 EF 2F                        	SUB	EDI,47
   396 00000332 56                              	PUSH	ESI
   397 00000333 53                              	PUSH	EBX
   398 00000334 56                              	PUSH	ESI
   399 00000335 57                              	PUSH	EDI
   400 00000336 6A 0F                           	PUSH	15
   401 00000338 FF 75 0C                        	PUSH	DWORD [12+EBP]
   402 0000033B FF 75 08                        	PUSH	DWORD [8+EBP]
   403 0000033E E8 FFFFFE72                     	CALL	_boxfill8
   404 00000343 FF 75 F0                        	PUSH	DWORD [-16+EBP]
   405 00000346 57                              	PUSH	EDI
   406 00000347 FF 75 EC                        	PUSH	DWORD [-20+EBP]
   407 0000034A 57                              	PUSH	EDI
   408 0000034B 6A 0F                           	PUSH	15
   409 0000034D FF 75 0C                        	PUSH	DWORD [12+EBP]
   410 00000350 FF 75 08                        	PUSH	DWORD [8+EBP]
   411 00000353 E8 FFFFFE5D                     	CALL	_boxfill8
   412 00000358 83 C4 38                        	ADD	ESP,56
   413 0000035B FF 75 E8                        	PUSH	DWORD [-24+EBP]
   414 0000035E 53                              	PUSH	EBX
   415 0000035F FF 75 E8                        	PUSH	DWORD [-24+EBP]
   416 00000362 57                              	PUSH	EDI
   417 00000363 6A 07                           	PUSH	7
   418 00000365 FF 75 0C                        	PUSH	DWORD [12+EBP]
   419 00000368 FF 75 08                        	PUSH	DWORD [8+EBP]
   420 0000036B E8 FFFFFE45                     	CALL	_boxfill8
   421 00000370 8B 45 0C                        	MOV	EAX,DWORD [12+EBP]
   422 00000373 FF 75 E8                        	PUSH	DWORD [-24+EBP]
   423 00000376 83 E8 03                        	SUB	EAX,3
   424 00000379 50                              	PUSH	EAX
   425 0000037A 56                              	PUSH	ESI
   426 0000037B 50                              	PUSH	EAX
   427 0000037C 6A 07                           	PUSH	7
   428 0000037E FF 75 0C                        	PUSH	DWORD [12+EBP]
   429 00000381 FF 75 08                        	PUSH	DWORD [8+EBP]
   430 00000384 E8 FFFFFE2C                     	CALL	_boxfill8
   431 00000389 8D 65 F4                        	LEA	ESP,DWORD [-12+EBP]
   432 0000038C 5B                              	POP	EBX
   433 0000038D 5E                              	POP	ESI
   434 0000038E 5F                              	POP	EDI
   435 0000038F 5D                              	POP	EBP
   436 00000390 C3                              	RET
   437 00000391                                 	GLOBAL	_putfont8
   438 00000391                                 _putfont8:
   439 00000391 55                              	PUSH	EBP
   440 00000392 89 E5                           	MOV	EBP,ESP
   441 00000394 57                              	PUSH	EDI
   442 00000395 56                              	PUSH	ESI
   443 00000396 31 F6                           	XOR	ESI,ESI
   444 00000398 53                              	PUSH	EBX
   445 00000399 8B 7D 1C                        	MOV	EDI,DWORD [28+EBP]
   446 0000039C 8A 5D 18                        	MOV	BL,BYTE [24+EBP]
   447 0000039F                                 L43:
   448 0000039F 8B 45 14                        	MOV	EAX,DWORD [20+EBP]
   449 000003A2 8B 55 10                        	MOV	EDX,DWORD [16+EBP]
   450 000003A5 01 F0                           	ADD	EAX,ESI
   451 000003A7 0F AF 45 0C                     	IMUL	EAX,DWORD [12+EBP]
   452 000003AB 03 45 08                        	ADD	EAX,DWORD [8+EBP]
   453 000003AE 8D 0C 02                        	LEA	ECX,DWORD [EDX+EAX*1]
   454 000003B1 8A 14 3E                        	MOV	DL,BYTE [ESI+EDI*1]
   455 000003B4 84 D2                           	TEST	DL,DL
   456 000003B6 79 02                           	JNS	L35
   457 000003B8 88 19                           	MOV	BYTE [ECX],BL
   458 000003BA                                 L35:
   459 000003BA 88 D0                           	MOV	AL,DL
   460 000003BC 83 E0 40                        	AND	EAX,64
   461 000003BF 84 C0                           	TEST	AL,AL
   462 000003C1 74 03                           	JE	L36
   463 000003C3 88 59 01                        	MOV	BYTE [1+ECX],BL
   464 000003C6                                 L36:
   465 000003C6 88 D0                           	MOV	AL,DL
   466 000003C8 83 E0 20                        	AND	EAX,32
   467 000003CB 84 C0                           	TEST	AL,AL
   468 000003CD 74 03                           	JE	L37
   469 000003CF 88 59 02                        	MOV	BYTE [2+ECX],BL
   470 000003D2                                 L37:
   471 000003D2 88 D0                           	MOV	AL,DL
   472 000003D4 83 E0 10                        	AND	EAX,16
   473 000003D7 84 C0                           	TEST	AL,AL
   474 000003D9 74 03                           	JE	L38
   475 000003DB 88 59 03                        	MOV	BYTE [3+ECX],BL
   476 000003DE                                 L38:
   477 000003DE 88 D0                           	MOV	AL,DL
   478 000003E0 83 E0 08                        	AND	EAX,8
   479 000003E3 84 C0                           	TEST	AL,AL
   480 000003E5 74 03                           	JE	L39
   481 000003E7 88 59 04                        	MOV	BYTE [4+ECX],BL
   482 000003EA                                 L39:
   483 000003EA 88 D0                           	MOV	AL,DL
   484 000003EC 83 E0 04                        	AND	EAX,4
   485 000003EF 84 C0                           	TEST	AL,AL
   486 000003F1 74 03                           	JE	L40
   487 000003F3 88 59 05                        	MOV	BYTE [5+ECX],BL
   488 000003F6                                 L40:
   489 000003F6 88 D0                           	MOV	AL,DL
   490 000003F8 83 E0 02                        	AND	EAX,2
   491 000003FB 84 C0                           	TEST	AL,AL
   492 000003FD 74 03                           	JE	L41
   493 000003FF 88 59 06                        	MOV	BYTE [6+ECX],BL
   494 00000402                                 L41:
   495 00000402 83 E2 01                        	AND	EDX,1
   496 00000405 84 D2                           	TEST	DL,DL
   497 00000407 74 03                           	JE	L33
   498 00000409 88 59 07                        	MOV	BYTE [7+ECX],BL
   499 0000040C                                 L33:
   500 0000040C 46                              	INC	ESI
   501 0000040D 83 FE 0F                        	CMP	ESI,15
   502 00000410 7E 8D                           	JLE	L43
   503 00000412 5B                              	POP	EBX
   504 00000413 5E                              	POP	ESI
   505 00000414 5F                              	POP	EDI
   506 00000415 5D                              	POP	EBP
   507 00000416 C3                              	RET
   508 00000417                                 	GLOBAL	_putfonts8_asc
   509 00000417                                 _putfonts8_asc:
   510 00000417 55                              	PUSH	EBP
   511 00000418 89 E5                           	MOV	EBP,ESP
   512 0000041A 57                              	PUSH	EDI
   513 0000041B 56                              	PUSH	ESI
   514 0000041C 53                              	PUSH	EBX
   515 0000041D 50                              	PUSH	EAX
   516 0000041E 8B 5D 1C                        	MOV	EBX,DWORD [28+EBP]
   517 00000421 8A 45 18                        	MOV	AL,BYTE [24+EBP]
   518 00000424 88 45 F3                        	MOV	BYTE [-13+EBP],AL
   519 00000427 8B 75 10                        	MOV	ESI,DWORD [16+EBP]
   520 0000042A 8B 7D 14                        	MOV	EDI,DWORD [20+EBP]
   521 0000042D 80 3B 00                        	CMP	BYTE [EBX],0
   522 00000430 75 08                           	JNE	L51
   523 00000432                                 L53:
   524 00000432 8D 65 F4                        	LEA	ESP,DWORD [-12+EBP]
   525 00000435 5B                              	POP	EBX
   526 00000436 5E                              	POP	ESI
   527 00000437 5F                              	POP	EDI
   528 00000438 5D                              	POP	EBP
   529 00000439 C3                              	RET
   530 0000043A                                 L51:
   531 0000043A 0F B6 03                        	MOVZX	EAX,BYTE [EBX]
   532 0000043D C1 E0 04                        	SAL	EAX,4
   533 00000440 43                              	INC	EBX
   534 00000441 05 [00000000]                   	ADD	EAX,_hankaku
   535 00000446 50                              	PUSH	EAX
   536 00000447 0F BE 45 F3                     	MOVSX	EAX,BYTE [-13+EBP]
   537 0000044B 50                              	PUSH	EAX
   538 0000044C 57                              	PUSH	EDI
   539 0000044D 56                              	PUSH	ESI
   540 0000044E 83 C6 08                        	ADD	ESI,8
   541 00000451 FF 75 0C                        	PUSH	DWORD [12+EBP]
   542 00000454 FF 75 08                        	PUSH	DWORD [8+EBP]
   543 00000457 E8 FFFFFF35                     	CALL	_putfont8
   544 0000045C 83 C4 18                        	ADD	ESP,24
   545 0000045F 80 3B 00                        	CMP	BYTE [EBX],0
   546 00000462 75 D6                           	JNE	L51
   547 00000464 EB CC                           	JMP	L53
   548                                          [SECTION .data]
   549 00000050                                 _cursor.1:
   550 00000050 2A 2A 2A 2A 2A 2A 2A 2A 2A 2A   	DB	"**************.."
       0000005A 2A 2A 2A 2A 2E 2E 
   551 00000060 2A 4F 4F 4F 4F 4F 4F 4F 4F 4F   	DB	"*OOOOOOOOOOO*..."
       0000006A 4F 4F 2A 2E 2E 2E 
   552 00000070 2A 4F 4F 4F 4F 4F 4F 4F 4F 4F   	DB	"*OOOOOOOOOO*...."
       0000007A 4F 2A 2E 2E 2E 2E 
   553 00000080 2A 4F 4F 4F 4F 4F 4F 4F 4F 4F   	DB	"*OOOOOOOOO*....."
       0000008A 2A 2E 2E 2E 2E 2E 
   554 00000090 2A 4F 4F 4F 4F 4F 4F 4F 4F 2A   	DB	"*OOOOOOOO*......"
       0000009A 2E 2E 2E 2E 2E 2E 
   555 000000A0 2A 4F 4F 4F 4F 4F 4F 4F 2A 2E   	DB	"*OOOOOOO*......."
       000000AA 2E 2E 2E 2E 2E 2E 
   556 000000B0 2A 4F 4F 4F 4F 4F 4F 4F 2A 2E   	DB	"*OOOOOOO*......."
       000000BA 2E 2E 2E 2E 2E 2E 
   557 000000C0 2A 4F 4F 4F 4F 4F 4F 4F 4F 2A   	DB	"*OOOOOOOO*......"
       000000CA 2E 2E 2E 2E 2E 2E 
   558 000000D0 2A 4F 4F 4F 4F 2A 2A 4F 4F 4F   	DB	"*OOOO**OOO*....."
       000000DA 2A 2E 2E 2E 2E 2E 
   559 000000E0 2A 4F 4F 4F 2A 2E 2E 2A 4F 4F   	DB	"*OOO*..*OOO*...."
       000000EA 4F 2A 2E 2E 2E 2E 
   560 000000F0 2A 4F 4F 2A 2E 2E 2E 2E 2A 4F   	DB	"*OO*....*OOO*..."
       000000FA 4F 4F 2A 2E 2E 2E 
   561 00000100 2A 4F 2A 2E 2E 2E 2E 2E 2E 2A   	DB	"*O*......*OOO*.."
       0000010A 4F 4F 4F 2A 2E 2E 
   562 00000110 2A 2A 2E 2E 2E 2E 2E 2E 2E 2E   	DB	"**........*OOO*."
       0000011A 2A 4F 4F 4F 2A 2E 
   563 00000120 2A 2E 2E 2E 2E 2E 2E 2E 2E 2E   	DB	"*..........*OOO*"
       0000012A 2E 2A 4F 4F 4F 2A 
   564 00000130 2E 2E 2E 2E 2E 2E 2E 2E 2E 2E   	DB	"............*OO*"
       0000013A 2E 2E 2A 4F 4F 2A 
   565 00000140 2E 2E 2E 2E 2E 2E 2E 2E 2E 2E   	DB	".............***"
       0000014A 2E 2E 2E 2A 2A 2A 
   566                                          [SECTION .text]
   567 00000466                                 	GLOBAL	_init_mouse_cursor8
   568 00000466                                 _init_mouse_cursor8:
   569 00000466 55                              	PUSH	EBP
   570 00000467 89 E5                           	MOV	EBP,ESP
   571 00000469 57                              	PUSH	EDI
   572 0000046A 56                              	PUSH	ESI
   573 0000046B 31 FF                           	XOR	EDI,EDI
   574 0000046D 53                              	PUSH	EBX
   575 0000046E 31 DB                           	XOR	EBX,EBX
   576 00000470 50                              	PUSH	EAX
   577 00000471 8A 45 0C                        	MOV	AL,BYTE [12+EBP]
   578 00000474 8B 75 08                        	MOV	ESI,DWORD [8+EBP]
   579 00000477 88 45 F3                        	MOV	BYTE [-13+EBP],AL
   580 0000047A                                 L67:
   581 0000047A 31 D2                           	XOR	EDX,EDX
   582 0000047C                                 L66:
   583 0000047C 8D 04 3A                        	LEA	EAX,DWORD [EDX+EDI*1]
   584 0000047F 80 B8 [00000050] 2A             	CMP	BYTE [_cursor.1+EAX],42
   585 00000486 74 35                           	JE	L72
   586 00000488                                 L63:
   587 00000488 80 B8 [00000050] 4F             	CMP	BYTE [_cursor.1+EAX],79
   588 0000048F 74 26                           	JE	L73
   589 00000491                                 L64:
   590 00000491 80 B8 [00000050] 2E             	CMP	BYTE [_cursor.1+EAX],46
   591 00000498 74 15                           	JE	L74
   592 0000049A                                 L61:
   593 0000049A 42                              	INC	EDX
   594 0000049B 83 FA 0F                        	CMP	EDX,15
   595 0000049E 7E DC                           	JLE	L66
   596 000004A0 43                              	INC	EBX
   597 000004A1 83 C7 10                        	ADD	EDI,16
   598 000004A4 83 FB 0F                        	CMP	EBX,15
   599 000004A7 7E D1                           	JLE	L67
   600 000004A9 58                              	POP	EAX
   601 000004AA 5B                              	POP	EBX
   602 000004AB 5E                              	POP	ESI
   603 000004AC 5F                              	POP	EDI
   604 000004AD 5D                              	POP	EBP
   605 000004AE C3                              	RET
   606 000004AF                                 L74:
   607 000004AF 8A 4D F3                        	MOV	CL,BYTE [-13+EBP]
   608 000004B2 88 0C 30                        	MOV	BYTE [EAX+ESI*1],CL
   609 000004B5 EB E3                           	JMP	L61
   610 000004B7                                 L73:
   611 000004B7 C6 04 30 07                     	MOV	BYTE [EAX+ESI*1],7
   612 000004BB EB D4                           	JMP	L64
   613 000004BD                                 L72:
   614 000004BD C6 04 30 00                     	MOV	BYTE [EAX+ESI*1],0
   615 000004C1 EB C5                           	JMP	L63
   616 000004C3                                 	GLOBAL	_putblock8_8
   617 000004C3                                 _putblock8_8:
   618 000004C3 55                              	PUSH	EBP
   619 000004C4 89 E5                           	MOV	EBP,ESP
   620 000004C6 57                              	PUSH	EDI
   621 000004C7 56                              	PUSH	ESI
   622 000004C8 31 F6                           	XOR	ESI,ESI
   623 000004CA 53                              	PUSH	EBX
   624 000004CB 83 EC 0C                        	SUB	ESP,12
   625 000004CE 3B 75 14                        	CMP	ESI,DWORD [20+EBP]
   626 000004D1 7D 3E                           	JGE	L87
   627 000004D3 31 FF                           	XOR	EDI,EDI
   628 000004D5                                 L85:
   629 000004D5 31 DB                           	XOR	EBX,EBX
   630 000004D7 3B 5D 10                        	CMP	EBX,DWORD [16+EBP]
   631 000004DA 7D 2C                           	JGE	L89
   632 000004DC 8B 45 20                        	MOV	EAX,DWORD [32+EBP]
   633 000004DF 01 F8                           	ADD	EAX,EDI
   634 000004E1 89 45 EC                        	MOV	DWORD [-20+EBP],EAX
   635 000004E4                                 L84:
   636 000004E4 8B 45 1C                        	MOV	EAX,DWORD [28+EBP]
   637 000004E7 8B 55 18                        	MOV	EDX,DWORD [24+EBP]
   638 000004EA 01 F0                           	ADD	EAX,ESI
   639 000004EC 01 DA                           	ADD	EDX,EBX
   640 000004EE 0F AF 45 0C                     	IMUL	EAX,DWORD [12+EBP]
   641 000004F2 01 D0                           	ADD	EAX,EDX
   642 000004F4 8B 4D 08                        	MOV	ECX,DWORD [8+EBP]
   643 000004F7 8B 55 EC                        	MOV	EDX,DWORD [-20+EBP]
   644 000004FA 43                              	INC	EBX
   645 000004FB 8A 12                           	MOV	DL,BYTE [EDX]
   646 000004FD 88 14 08                        	MOV	BYTE [EAX+ECX*1],DL
   647 00000500 FF 45 EC                        	INC	DWORD [-20+EBP]
   648 00000503 3B 5D 10                        	CMP	EBX,DWORD [16+EBP]
   649 00000506 7C DC                           	JL	L84
   650 00000508                                 L89:
   651 00000508 46                              	INC	ESI
   652 00000509 03 7D 24                        	ADD	EDI,DWORD [36+EBP]
   653 0000050C 3B 75 14                        	CMP	ESI,DWORD [20+EBP]
   654 0000050F 7C C4                           	JL	L85
   655 00000511                                 L87:
   656 00000511 83 C4 0C                        	ADD	ESP,12
   657 00000514 5B                              	POP	EBX
   658 00000515 5E                              	POP	ESI
   659 00000516 5F                              	POP	EDI
   660 00000517 5D                              	POP	EBP
   661 00000518 C3                              	RET
   662 00000519                                 	GLOBAL	_init_gdtidt
   663 00000519                                 _init_gdtidt:
   664 00000519 55                              	PUSH	EBP
   665 0000051A 89 E5                           	MOV	EBP,ESP
   666 0000051C 56                              	PUSH	ESI
   667 0000051D 53                              	PUSH	EBX
   668 0000051E BE 00270000                     	MOV	ESI,2555904
   669 00000523 BB 00001FFF                     	MOV	EBX,8191
   670 00000528                                 L95:
   671 00000528 6A 00                           	PUSH	0
   672 0000052A 6A 00                           	PUSH	0
   673 0000052C 6A 00                           	PUSH	0
   674 0000052E 56                              	PUSH	ESI
   675 0000052F 83 C6 08                        	ADD	ESI,8
   676 00000532 E8 0000007B                     	CALL	_set_segmdesc
   677 00000537 83 C4 10                        	ADD	ESP,16
   678 0000053A 4B                              	DEC	EBX
   679 0000053B 79 EB                           	JNS	L95
   680 0000053D 68 00004092                     	PUSH	16530
   681 00000542 BE 0026F800                     	MOV	ESI,2553856
   682 00000547 6A 00                           	PUSH	0
   683 00000549 BB 000000FF                     	MOV	EBX,255
   684 0000054E 6A FF                           	PUSH	-1
   685 00000550 68 00270008                     	PUSH	2555912
   686 00000555 E8 00000058                     	CALL	_set_segmdesc
   687 0000055A 68 0000409A                     	PUSH	16538
   688 0000055F 68 00280000                     	PUSH	2621440
   689 00000564 68 0007FFFF                     	PUSH	524287
   690 00000569 68 00270010                     	PUSH	2555920
   691 0000056E E8 0000003F                     	CALL	_set_segmdesc
   692 00000573 83 C4 20                        	ADD	ESP,32
   693 00000576 68 00270000                     	PUSH	2555904
   694 0000057B 68 0000FFFF                     	PUSH	65535
   695 00000580 E8 [00000000]                   	CALL	_load_gdtr
   696 00000585 58                              	POP	EAX
   697 00000586 5A                              	POP	EDX
   698 00000587                                 L100:
   699 00000587 6A 00                           	PUSH	0
   700 00000589 6A 00                           	PUSH	0
   701 0000058B 6A 00                           	PUSH	0
   702 0000058D 56                              	PUSH	ESI
   703 0000058E 83 C6 08                        	ADD	ESI,8
   704 00000591 E8 00000066                     	CALL	_set_gatedesc
   705 00000596 83 C4 10                        	ADD	ESP,16
   706 00000599 4B                              	DEC	EBX
   707 0000059A 79 EB                           	JNS	L100
   708 0000059C 68 0026F800                     	PUSH	2553856
   709 000005A1 68 000007FF                     	PUSH	2047
   710 000005A6 E8 [00000000]                   	CALL	_load_idtr
   711 000005AB 8D 65 F8                        	LEA	ESP,DWORD [-8+EBP]
   712 000005AE 5B                              	POP	EBX
   713 000005AF 5E                              	POP	ESI
   714 000005B0 5D                              	POP	EBP
   715 000005B1 C3                              	RET
   716 000005B2                                 	GLOBAL	_set_segmdesc
   717 000005B2                                 _set_segmdesc:
   718 000005B2 55                              	PUSH	EBP
   719 000005B3 89 E5                           	MOV	EBP,ESP
   720 000005B5 53                              	PUSH	EBX
   721 000005B6 8B 55 0C                        	MOV	EDX,DWORD [12+EBP]
   722 000005B9 8B 4D 10                        	MOV	ECX,DWORD [16+EBP]
   723 000005BC 8B 5D 08                        	MOV	EBX,DWORD [8+EBP]
   724 000005BF 8B 45 14                        	MOV	EAX,DWORD [20+EBP]
   725 000005C2 81 FA 000FFFFF                  	CMP	EDX,1048575
   726 000005C8 76 08                           	JBE	L106
   727 000005CA C1 EA 0C                        	SHR	EDX,12
   728 000005CD 0D 00008000                     	OR	EAX,32768
   729 000005D2                                 L106:
   730 000005D2 66 89 13                        	MOV	WORD [EBX],DX
   731 000005D5 88 43 05                        	MOV	BYTE [5+EBX],AL
   732 000005D8 C1 EA 10                        	SHR	EDX,16
   733 000005DB C1 F8 08                        	SAR	EAX,8
   734 000005DE 83 E2 0F                        	AND	EDX,15
   735 000005E1 66 89 4B 02                     	MOV	WORD [2+EBX],CX
   736 000005E5 83 E0 F0                        	AND	EAX,-16
   737 000005E8 C1 F9 10                        	SAR	ECX,16
   738 000005EB 09 C2                           	OR	EDX,EAX
   739 000005ED 88 4B 04                        	MOV	BYTE [4+EBX],CL
   740 000005F0 88 53 06                        	MOV	BYTE [6+EBX],DL
   741 000005F3 C1 F9 08                        	SAR	ECX,8
   742 000005F6 88 4B 07                        	MOV	BYTE [7+EBX],CL
   743 000005F9 5B                              	POP	EBX
   744 000005FA 5D                              	POP	EBP
   745 000005FB C3                              	RET
   746 000005FC                                 	GLOBAL	_set_gatedesc
   747 000005FC                                 _set_gatedesc:
   748 000005FC 55                              	PUSH	EBP
   749 000005FD 89 E5                           	MOV	EBP,ESP
   750 000005FF 53                              	PUSH	EBX
   751 00000600 8B 55 08                        	MOV	EDX,DWORD [8+EBP]
   752 00000603 8B 45 10                        	MOV	EAX,DWORD [16+EBP]
   753 00000606 8B 5D 14                        	MOV	EBX,DWORD [20+EBP]
   754 00000609 8B 4D 0C                        	MOV	ECX,DWORD [12+EBP]
   755 0000060C 66 89 42 02                     	MOV	WORD [2+EDX],AX
   756 00000610 88 5A 05                        	MOV	BYTE [5+EDX],BL
   757 00000613 66 89 0A                        	MOV	WORD [EDX],CX
   758 00000616 89 D8                           	MOV	EAX,EBX
   759 00000618 C1 F8 08                        	SAR	EAX,8
   760 0000061B C1 F9 10                        	SAR	ECX,16
   761 0000061E 88 42 04                        	MOV	BYTE [4+EDX],AL
   762 00000621 66 89 4A 06                     	MOV	WORD [6+EDX],CX
   763 00000625 5B                              	POP	EBX
   764 00000626 5D                              	POP	EBP
   765 00000627 C3                              	RET
