     1 00000000                                 [FORMAT "WCOFF"]
     2 00000000                                 [INSTRSET "i486p"]
     3 00000000                                 [OPTIMIZE 1]
     4 00000000                                 [OPTION 1]
     5 00000000                                 [BITS 32]
     6 00000000                                 	EXTERN	_memman_alloc_4k
     7 00000000                                 [FILE "sheet.c"]
     8                                          [SECTION .text]
     9 00000000                                 	GLOBAL	_shtctl_init
    10 00000000                                 _shtctl_init:
    11 00000000 55                              	PUSH	EBP
    12 00000001 89 E5                           	MOV	EBP,ESP
    13 00000003 68 00002410                     	PUSH	9232
    14 00000008 FF 75 08                        	PUSH	DWORD [8+EBP]
    15 0000000B E8 [00000000]                   	CALL	_memman_alloc_4k
    16 00000010 89 C2                           	MOV	EDX,EAX
    17 00000012 58                              	POP	EAX
    18 00000013 59                              	POP	ECX
    19 00000014 85 D2                           	TEST	EDX,EDX
    20 00000016 74 2F                           	JE	L3
    21 00000018 8B 45 0C                        	MOV	EAX,DWORD [12+EBP]
    22 0000001B B9 000000FF                     	MOV	ECX,255
    23 00000020 89 02                           	MOV	DWORD [EDX],EAX
    24 00000022 8B 45 10                        	MOV	EAX,DWORD [16+EBP]
    25 00000025 89 42 04                        	MOV	DWORD [4+EDX],EAX
    26 00000028 8B 45 14                        	MOV	EAX,DWORD [20+EBP]
    27 0000002B 89 42 08                        	MOV	DWORD [8+EDX],EAX
    28 0000002E 8D 82 0000042C                  	LEA	EAX,DWORD [1068+EDX]
    29 00000034 C7 42 0C FFFFFFFF               	MOV	DWORD [12+EDX],-1
    30 0000003B                                 L8:
    31 0000003B C7 00 00000000                  	MOV	DWORD [EAX],0
    32 00000041 83 C0 20                        	ADD	EAX,32
    33 00000044 49                              	DEC	ECX
    34 00000045 79 F4                           	JNS	L8
    35 00000047                                 L3:
    36 00000047 89 D0                           	MOV	EAX,EDX
    37 00000049 C9                              	LEAVE
    38 0000004A C3                              	RET
    39 0000004B                                 	GLOBAL	_sheet_alloc
    40 0000004B                                 _sheet_alloc:
    41 0000004B 55                              	PUSH	EBP
    42 0000004C 31 D2                           	XOR	EDX,EDX
    43 0000004E 89 E5                           	MOV	EBP,ESP
    44 00000050 8B 45 08                        	MOV	EAX,DWORD [8+EBP]
    45 00000053 05 00000410                     	ADD	EAX,1040
    46 00000058                                 L16:
    47 00000058 83 78 1C 00                     	CMP	DWORD [28+EAX],0
    48 0000005C 74 10                           	JE	L19
    49 0000005E 42                              	INC	EDX
    50 0000005F 83 C0 20                        	ADD	EAX,32
    51 00000062 81 FA 000000FF                  	CMP	EDX,255
    52 00000068 7E EE                           	JLE	L16
    53 0000006A 31 C0                           	XOR	EAX,EAX
    54 0000006C                                 L10:
    55 0000006C 5D                              	POP	EBP
    56 0000006D C3                              	RET
    57 0000006E                                 L19:
    58 0000006E C7 40 1C 00000001               	MOV	DWORD [28+EAX],1
    59 00000075 C7 40 18 FFFFFFFF               	MOV	DWORD [24+EAX],-1
    60 0000007C EB EE                           	JMP	L10
    61 0000007E                                 	GLOBAL	_sheet_setbuf
    62 0000007E                                 _sheet_setbuf:
    63 0000007E 55                              	PUSH	EBP
    64 0000007F 89 E5                           	MOV	EBP,ESP
    65 00000081 8B 55 08                        	MOV	EDX,DWORD [8+EBP]
    66 00000084 8B 45 0C                        	MOV	EAX,DWORD [12+EBP]
    67 00000087 89 02                           	MOV	DWORD [EDX],EAX
    68 00000089 8B 45 10                        	MOV	EAX,DWORD [16+EBP]
    69 0000008C 89 42 04                        	MOV	DWORD [4+EDX],EAX
    70 0000008F 8B 45 14                        	MOV	EAX,DWORD [20+EBP]
    71 00000092 89 42 08                        	MOV	DWORD [8+EDX],EAX
    72 00000095 8B 45 18                        	MOV	EAX,DWORD [24+EBP]
    73 00000098 89 42 14                        	MOV	DWORD [20+EDX],EAX
    74 0000009B 5D                              	POP	EBP
    75 0000009C C3                              	RET
    76 0000009D                                 	GLOBAL	_sheet_updown
    77 0000009D                                 _sheet_updown:
    78 0000009D 55                              	PUSH	EBP
    79 0000009E 89 E5                           	MOV	EBP,ESP
    80 000000A0 57                              	PUSH	EDI
    81 000000A1 56                              	PUSH	ESI
    82 000000A2 8B 75 08                        	MOV	ESI,DWORD [8+EBP]
    83 000000A5 53                              	PUSH	EBX
    84 000000A6 8B 7D 0C                        	MOV	EDI,DWORD [12+EBP]
    85 000000A9 8B 5D 10                        	MOV	EBX,DWORD [16+EBP]
    86 000000AC 8B 56 0C                        	MOV	EDX,DWORD [12+ESI]
    87 000000AF 42                              	INC	EDX
    88 000000B0 8B 47 18                        	MOV	EAX,DWORD [24+EDI]
    89 000000B3 39 D3                           	CMP	EBX,EDX
    90 000000B5 7E 02                           	JLE	L22
    91 000000B7 89 D3                           	MOV	EBX,EDX
    92 000000B9                                 L22:
    93 000000B9 83 FB FF                        	CMP	EBX,-1
    94 000000BC 7D 03                           	JGE	L23
    95 000000BE 83 CB FF                        	OR	EBX,-1
    96 000000C1                                 L23:
    97 000000C1 89 5F 18                        	MOV	DWORD [24+EDI],EBX
    98 000000C4 39 D8                           	CMP	EAX,EBX
    99 000000C6 7E 62                           	JLE	L24
   100 000000C8 85 DB                           	TEST	EBX,EBX
   101 000000CA 78 3B                           	JS	L25
   102 000000CC 89 C1                           	MOV	ECX,EAX
   103 000000CE                                 L30:
   104 000000CE 8B 44 8E 0C                     	MOV	EAX,DWORD [12+ESI+ECX*4]
   105 000000D2 89 44 8E 10                     	MOV	DWORD [16+ESI+ECX*4],EAX
   106 000000D6 89 48 18                        	MOV	DWORD [24+EAX],ECX
   107 000000D9 49                              	DEC	ECX
   108 000000DA 39 D9                           	CMP	ECX,EBX
   109 000000DC 7F F0                           	JG	L30
   110 000000DE                                 L56:
   111 000000DE 89 7C 9E 10                     	MOV	DWORD [16+ESI+EBX*4],EDI
   112 000000E2                                 L46:
   113 000000E2 8B 4F 10                        	MOV	ECX,DWORD [16+EDI]
   114 000000E5 89 C8                           	MOV	EAX,ECX
   115 000000E7 03 47 08                        	ADD	EAX,DWORD [8+EDI]
   116 000000EA 50                              	PUSH	EAX
   117 000000EB 8B 57 0C                        	MOV	EDX,DWORD [12+EDI]
   118 000000EE 89 D0                           	MOV	EAX,EDX
   119 000000F0 03 47 04                        	ADD	EAX,DWORD [4+EDI]
   120 000000F3 50                              	PUSH	EAX
   121 000000F4 51                              	PUSH	ECX
   122 000000F5 52                              	PUSH	EDX
   123 000000F6 56                              	PUSH	ESI
   124 000000F7 E8 000000BF                     	CALL	_sheet_refreshsub
   125 000000FC 83 C4 14                        	ADD	ESP,20
   126 000000FF                                 L21:
   127 000000FF 8D 65 F4                        	LEA	ESP,DWORD [-12+EBP]
   128 00000102 5B                              	POP	EBX
   129 00000103 5E                              	POP	ESI
   130 00000104 5F                              	POP	EDI
   131 00000105 5D                              	POP	EBP
   132 00000106 C3                              	RET
   133 00000107                                 L25:
   134 00000107 8B 56 0C                        	MOV	EDX,DWORD [12+ESI]
   135 0000010A 39 C2                           	CMP	EDX,EAX
   136 0000010C 7E 17                           	JLE	L32
   137 0000010E 89 C1                           	MOV	ECX,EAX
   138 00000110 39 D0                           	CMP	EAX,EDX
   139 00000112 7D 11                           	JGE	L32
   140 00000114                                 L37:
   141 00000114 8B 44 8E 14                     	MOV	EAX,DWORD [20+ESI+ECX*4]
   142 00000118 89 44 8E 10                     	MOV	DWORD [16+ESI+ECX*4],EAX
   143 0000011C 89 48 18                        	MOV	DWORD [24+EAX],ECX
   144 0000011F 41                              	INC	ECX
   145 00000120 3B 4E 0C                        	CMP	ECX,DWORD [12+ESI]
   146 00000123 7C EF                           	JL	L37
   147 00000125                                 L32:
   148 00000125 FF 4E 0C                        	DEC	DWORD [12+ESI]
   149 00000128 EB B8                           	JMP	L46
   150 0000012A                                 L24:
   151 0000012A 39 D8                           	CMP	EAX,EBX
   152 0000012C 7D D1                           	JGE	L21
   153 0000012E 85 C0                           	TEST	EAX,EAX
   154 00000130 78 18                           	JS	L40
   155 00000132 89 C1                           	MOV	ECX,EAX
   156 00000134 39 D8                           	CMP	EAX,EBX
   157 00000136 7D A6                           	JGE	L56
   158 00000138                                 L45:
   159 00000138 8B 44 8E 14                     	MOV	EAX,DWORD [20+ESI+ECX*4]
   160 0000013C 89 44 8E 10                     	MOV	DWORD [16+ESI+ECX*4],EAX
   161 00000140 89 48 18                        	MOV	DWORD [24+EAX],ECX
   162 00000143 41                              	INC	ECX
   163 00000144 39 D9                           	CMP	ECX,EBX
   164 00000146 7C F0                           	JL	L45
   165 00000148 EB 94                           	JMP	L56
   166 0000014A                                 L40:
   167 0000014A 8B 4E 0C                        	MOV	ECX,DWORD [12+ESI]
   168 0000014D 39 D9                           	CMP	ECX,EBX
   169 0000014F 7C 13                           	JL	L58
   170 00000151                                 L51:
   171 00000151 8B 54 8E 10                     	MOV	EDX,DWORD [16+ESI+ECX*4]
   172 00000155 8D 41 01                        	LEA	EAX,DWORD [1+ECX]
   173 00000158 89 54 8E 14                     	MOV	DWORD [20+ESI+ECX*4],EDX
   174 0000015C 49                              	DEC	ECX
   175 0000015D 89 42 18                        	MOV	DWORD [24+EDX],EAX
   176 00000160 39 D9                           	CMP	ECX,EBX
   177 00000162 7D ED                           	JGE	L51
   178 00000164                                 L58:
   179 00000164 89 7C 9E 10                     	MOV	DWORD [16+ESI+EBX*4],EDI
   180 00000168 FF 46 0C                        	INC	DWORD [12+ESI]
   181 0000016B E9 FFFFFF72                     	JMP	L46
   182 00000170                                 	GLOBAL	_sheet_refresh
   183 00000170                                 _sheet_refresh:
   184 00000170 55                              	PUSH	EBP
   185 00000171 89 E5                           	MOV	EBP,ESP
   186 00000173 57                              	PUSH	EDI
   187 00000174 56                              	PUSH	ESI
   188 00000175 53                              	PUSH	EBX
   189 00000176 57                              	PUSH	EDI
   190 00000177 8B 55 0C                        	MOV	EDX,DWORD [12+EBP]
   191 0000017A 8B 45 08                        	MOV	EAX,DWORD [8+EBP]
   192 0000017D 89 45 F0                        	MOV	DWORD [-16+EBP],EAX
   193 00000180 8B 7D 10                        	MOV	EDI,DWORD [16+EBP]
   194 00000183 8B 75 14                        	MOV	ESI,DWORD [20+EBP]
   195 00000186 8B 5D 18                        	MOV	EBX,DWORD [24+EBP]
   196 00000189 8B 45 1C                        	MOV	EAX,DWORD [28+EBP]
   197 0000018C 83 7A 18 00                     	CMP	DWORD [24+EDX],0
   198 00000190 78 23                           	JS	L59
   199 00000192 8B 4A 10                        	MOV	ECX,DWORD [16+EDX]
   200 00000195 8B 52 0C                        	MOV	EDX,DWORD [12+EDX]
   201 00000198 8D 04 08                        	LEA	EAX,DWORD [EAX+ECX*1]
   202 0000019B 01 F1                           	ADD	ECX,ESI
   203 0000019D 89 45 18                        	MOV	DWORD [24+EBP],EAX
   204 000001A0 89 4D 10                        	MOV	DWORD [16+EBP],ECX
   205 000001A3 8D 04 13                        	LEA	EAX,DWORD [EBX+EDX*1]
   206 000001A6 01 FA                           	ADD	EDX,EDI
   207 000001A8 89 45 14                        	MOV	DWORD [20+EBP],EAX
   208 000001AB 89 55 0C                        	MOV	DWORD [12+EBP],EDX
   209 000001AE 5E                              	POP	ESI
   210 000001AF 5B                              	POP	EBX
   211 000001B0 5E                              	POP	ESI
   212 000001B1 5F                              	POP	EDI
   213 000001B2 5D                              	POP	EBP
   214 000001B3 EB 06                           	JMP	_sheet_refreshsub
   215 000001B5                                 L59:
   216 000001B5 5B                              	POP	EBX
   217 000001B6 5B                              	POP	EBX
   218 000001B7 5E                              	POP	ESI
   219 000001B8 5F                              	POP	EDI
   220 000001B9 5D                              	POP	EBP
   221 000001BA C3                              	RET
   222 000001BB                                 	GLOBAL	_sheet_refreshsub
   223 000001BB                                 _sheet_refreshsub:
   224 000001BB 55                              	PUSH	EBP
   225 000001BC 31 D2                           	XOR	EDX,EDX
   226 000001BE 89 E5                           	MOV	EBP,ESP
   227 000001C0 57                              	PUSH	EDI
   228 000001C1 56                              	PUSH	ESI
   229 000001C2 53                              	PUSH	EBX
   230 000001C3 83 EC 28                        	SUB	ESP,40
   231 000001C6 8B 45 08                        	MOV	EAX,DWORD [8+EBP]
   232 000001C9 8B 75 08                        	MOV	ESI,DWORD [8+EBP]
   233 000001CC C7 45 F0 00000000               	MOV	DWORD [-16+EBP],0
   234 000001D3 8B 00                           	MOV	EAX,DWORD [EAX]
   235 000001D5 3B 56 0C                        	CMP	EDX,DWORD [12+ESI]
   236 000001D8 89 45 D8                        	MOV	DWORD [-40+EBP],EAX
   237 000001DB 0F 8F 000000C6                  	JG	L83
   238 000001E1                                 L81:
   239 000001E1 8B 7D F0                        	MOV	EDI,DWORD [-16+EBP]
   240 000001E4 8B 45 08                        	MOV	EAX,DWORD [8+EBP]
   241 000001E7 8B 5D 10                        	MOV	EBX,DWORD [16+EBP]
   242 000001EA 8B 75 14                        	MOV	ESI,DWORD [20+EBP]
   243 000001ED 8B 4C B8 10                     	MOV	ECX,DWORD [16+EAX+EDI*4]
   244 000001F1 8B 7D 18                        	MOV	EDI,DWORD [24+EBP]
   245 000001F4 8B 11                           	MOV	EDX,DWORD [ECX]
   246 000001F6 8B 41 0C                        	MOV	EAX,DWORD [12+ECX]
   247 000001F9 89 55 E0                        	MOV	DWORD [-32+EBP],EDX
   248 000001FC 29 C6                           	SUB	ESI,EAX
   249 000001FE 8B 51 10                        	MOV	EDX,DWORD [16+ECX]
   250 00000201 89 75 CC                        	MOV	DWORD [-52+EBP],ESI
   251 00000204 29 D7                           	SUB	EDI,EDX
   252 00000206 29 D3                           	SUB	EBX,EDX
   253 00000208 8B 55 0C                        	MOV	EDX,DWORD [12+EBP]
   254 0000020B 89 7D D4                        	MOV	DWORD [-44+EBP],EDI
   255 0000020E 29 C2                           	SUB	EDX,EAX
   256 00000210 89 55 E4                        	MOV	DWORD [-28+EBP],EDX
   257 00000213 0F 88 0000009D                  	JS	L88
   258 00000219                                 L66:
   259 00000219 85 DB                           	TEST	EBX,EBX
   260 0000021B 0F 88 0000008E                  	JS	L89
   261 00000221                                 L67:
   262 00000221 8B 41 04                        	MOV	EAX,DWORD [4+ECX]
   263 00000224 39 45 CC                        	CMP	DWORD [-52+EBP],EAX
   264 00000227 7E 03                           	JLE	L68
   265 00000229 89 45 CC                        	MOV	DWORD [-52+EBP],EAX
   266 0000022C                                 L68:
   267 0000022C 8B 41 08                        	MOV	EAX,DWORD [8+ECX]
   268 0000022F 39 45 D4                        	CMP	DWORD [-44+EBP],EAX
   269 00000232 7E 03                           	JLE	L69
   270 00000234 89 45 D4                        	MOV	DWORD [-44+EBP],EAX
   271 00000237                                 L69:
   272 00000237 3B 5D D4                        	CMP	EBX,DWORD [-44+EBP]
   273 0000023A 7D 59                           	JGE	L85
   274 0000023C                                 L80:
   275 0000023C 8B 71 10                        	MOV	ESI,DWORD [16+ECX]
   276 0000023F 8B 55 E4                        	MOV	EDX,DWORD [-28+EBP]
   277 00000242 01 DE                           	ADD	ESI,EBX
   278 00000244 3B 55 CC                        	CMP	EDX,DWORD [-52+EBP]
   279 00000247 89 75 E8                        	MOV	DWORD [-24+EBP],ESI
   280 0000024A 7D 43                           	JGE	L87
   281 0000024C                                 L79:
   282 0000024C 89 D8                           	MOV	EAX,EBX
   283 0000024E 8B 79 0C                        	MOV	EDI,DWORD [12+ECX]
   284 00000251 0F AF 41 04                     	IMUL	EAX,DWORD [4+ECX]
   285 00000255 01 D7                           	ADD	EDI,EDX
   286 00000257 8B 75 E0                        	MOV	ESI,DWORD [-32+EBP]
   287 0000025A 01 D0                           	ADD	EAX,EDX
   288 0000025C 89 7D EC                        	MOV	DWORD [-20+EBP],EDI
   289 0000025F 8A 04 30                        	MOV	AL,BYTE [EAX+ESI*1]
   290 00000262 88 45 DF                        	MOV	BYTE [-33+EBP],AL
   291 00000265 0F B6 C0                        	MOVZX	EAX,AL
   292 00000268 3B 41 14                        	CMP	EAX,DWORD [20+ECX]
   293 0000026B 74 1C                           	JE	L76
   294 0000026D 8B 7D 08                        	MOV	EDI,DWORD [8+EBP]
   295 00000270 8B 45 E8                        	MOV	EAX,DWORD [-24+EBP]
   296 00000273 8B 75 D8                        	MOV	ESI,DWORD [-40+EBP]
   297 00000276 0F AF 47 04                     	IMUL	EAX,DWORD [4+EDI]
   298 0000027A 03 45 EC                        	ADD	EAX,DWORD [-20+EBP]
   299 0000027D 89 45 D0                        	MOV	DWORD [-48+EBP],EAX
   300 00000280 8A 45 DF                        	MOV	AL,BYTE [-33+EBP]
   301 00000283 8B 7D D0                        	MOV	EDI,DWORD [-48+EBP]
   302 00000286 88 04 37                        	MOV	BYTE [EDI+ESI*1],AL
   303 00000289                                 L76:
   304 00000289 42                              	INC	EDX
   305 0000028A 3B 55 CC                        	CMP	EDX,DWORD [-52+EBP]
   306 0000028D 7C BD                           	JL	L79
   307 0000028F                                 L87:
   308 0000028F 43                              	INC	EBX
   309 00000290 3B 5D D4                        	CMP	EBX,DWORD [-44+EBP]
   310 00000293 7C A7                           	JL	L80
   311 00000295                                 L85:
   312 00000295 8B 55 08                        	MOV	EDX,DWORD [8+EBP]
   313 00000298 FF 45 F0                        	INC	DWORD [-16+EBP]
   314 0000029B 8B 45 F0                        	MOV	EAX,DWORD [-16+EBP]
   315 0000029E 3B 42 0C                        	CMP	EAX,DWORD [12+EDX]
   316 000002A1 0F 8E FFFFFF3A                  	JLE	L81
   317 000002A7                                 L83:
   318 000002A7 83 C4 28                        	ADD	ESP,40
   319 000002AA 5B                              	POP	EBX
   320 000002AB 5E                              	POP	ESI
   321 000002AC 5F                              	POP	EDI
   322 000002AD 5D                              	POP	EBP
   323 000002AE C3                              	RET
   324 000002AF                                 L89:
   325 000002AF 31 DB                           	XOR	EBX,EBX
   326 000002B1 E9 FFFFFF6B                     	JMP	L67
   327 000002B6                                 L88:
   328 000002B6 C7 45 E4 00000000               	MOV	DWORD [-28+EBP],0
   329 000002BD E9 FFFFFF57                     	JMP	L66
   330 000002C2                                 	GLOBAL	_sheet_slide
   331 000002C2                                 _sheet_slide:
   332 000002C2 55                              	PUSH	EBP
   333 000002C3 89 E5                           	MOV	EBP,ESP
   334 000002C5 57                              	PUSH	EDI
   335 000002C6 56                              	PUSH	ESI
   336 000002C7 53                              	PUSH	EBX
   337 000002C8 8B 7D 10                        	MOV	EDI,DWORD [16+EBP]
   338 000002CB 8B 5D 0C                        	MOV	EBX,DWORD [12+EBP]
   339 000002CE 8B 75 14                        	MOV	ESI,DWORD [20+EBP]
   340 000002D1 8B 4B 0C                        	MOV	ECX,DWORD [12+EBX]
   341 000002D4 8B 53 10                        	MOV	EDX,DWORD [16+EBX]
   342 000002D7 89 7B 0C                        	MOV	DWORD [12+EBX],EDI
   343 000002DA 89 73 10                        	MOV	DWORD [16+EBX],ESI
   344 000002DD 83 7B 18 00                     	CMP	DWORD [24+EBX],0
   345 000002E1 78 2F                           	JS	L90
   346 000002E3 89 D0                           	MOV	EAX,EDX
   347 000002E5 03 43 08                        	ADD	EAX,DWORD [8+EBX]
   348 000002E8 50                              	PUSH	EAX
   349 000002E9 89 C8                           	MOV	EAX,ECX
   350 000002EB 03 43 04                        	ADD	EAX,DWORD [4+EBX]
   351 000002EE 50                              	PUSH	EAX
   352 000002EF 52                              	PUSH	EDX
   353 000002F0 51                              	PUSH	ECX
   354 000002F1 FF 75 08                        	PUSH	DWORD [8+EBP]
   355 000002F4 E8 FFFFFEC2                     	CALL	_sheet_refreshsub
   356 000002F9 89 F0                           	MOV	EAX,ESI
   357 000002FB 03 43 08                        	ADD	EAX,DWORD [8+EBX]
   358 000002FE 50                              	PUSH	EAX
   359 000002FF 89 F8                           	MOV	EAX,EDI
   360 00000301 03 43 04                        	ADD	EAX,DWORD [4+EBX]
   361 00000304 50                              	PUSH	EAX
   362 00000305 56                              	PUSH	ESI
   363 00000306 57                              	PUSH	EDI
   364 00000307 FF 75 08                        	PUSH	DWORD [8+EBP]
   365 0000030A E8 FFFFFEAC                     	CALL	_sheet_refreshsub
   366 0000030F 83 C4 28                        	ADD	ESP,40
   367 00000312                                 L90:
   368 00000312 8D 65 F4                        	LEA	ESP,DWORD [-12+EBP]
   369 00000315 5B                              	POP	EBX
   370 00000316 5E                              	POP	ESI
   371 00000317 5F                              	POP	EDI
   372 00000318 5D                              	POP	EBP
   373 00000319 C3                              	RET
   374 0000031A                                 	GLOBAL	_sheet_free
   375 0000031A                                 _sheet_free:
   376 0000031A 55                              	PUSH	EBP
   377 0000031B 89 E5                           	MOV	EBP,ESP
   378 0000031D 53                              	PUSH	EBX
   379 0000031E 8B 5D 0C                        	MOV	EBX,DWORD [12+EBP]
   380 00000321 83 7B 18 00                     	CMP	DWORD [24+EBX],0
   381 00000325 78 0E                           	JS	L93
   382 00000327 6A FF                           	PUSH	-1
   383 00000329 53                              	PUSH	EBX
   384 0000032A FF 75 08                        	PUSH	DWORD [8+EBP]
   385 0000032D E8 FFFFFD6B                     	CALL	_sheet_updown
   386 00000332 83 C4 0C                        	ADD	ESP,12
   387 00000335                                 L93:
   388 00000335 C7 43 1C 00000000               	MOV	DWORD [28+EBX],0
   389 0000033C 8B 5D FC                        	MOV	EBX,DWORD [-4+EBP]
   390 0000033F C9                              	LEAVE
   391 00000340 C3                              	RET
